<?xml version="1.0" encoding="UTF-8"?>
<testng-results ignored="0" total="1" passed="1" failed="0" skipped="0">
  <reporter-output>
  </reporter-output>
  <suite started-at="2021-07-25T16:27:46 IST" name="Default suite" finished-at="2021-07-25T16:28:09 IST" duration-ms="23619">
    <groups>
    </groups>
    <test started-at="2021-07-25T16:27:46 IST" name="Default test" finished-at="2021-07-25T16:28:09 IST" duration-ms="23619">
      <class name="automationTask.flipKartTest">
        <test-method signature="function()[pri:0, instance:automationTask.flipKartTest@274872f8]" started-at="2021-07-25T16:27:46 IST" name="function" finished-at="2021-07-25T16:28:09 IST" duration-ms="23590" status="PASS">
          <reporter-output>
          </reporter-output>
        </test-method> <!-- function -->
      </class> <!-- automationTask.flipKartTest -->
    </test> <!-- Default test -->
  </suite> <!-- Default suite -->
</testng-results>
